<?xml version="1.0" encoding="UTF-8"?>
<!-- Generated by org.testng.reporters.JUnitReportReporter -->
<testsuite hostname="LAPTOP-NEO5FTIU" failures="0" tests="3" name="TestngBasics.facebookLogin" time="24.730" errors="0" timestamp="2021-12-07T19:51:57 EST" skipped="0">
  <testcase classname="TestngBasics.facebookLogin" name="FacebookLogin" time="4.791"/>
  <system-out/>
  <testcase classname="TestngBasics.facebookLogin" name="forgotpassword" time="5.959"/>
  <system-out/>
  <testcase classname="TestngBasics.facebookLogin" name="createAccount" time="13.980"/>
  <system-out/>
</testsuite> <!-- TestngBasics.facebookLogin -->
